This is e-pTeX, Version 3.14159265-p3.8.1-180518-2.6 (utf8.sjis) (TeX Live 2018/W32TeX) (preloaded format=platex 2018.7.29)  16 AUG 2020 22:28
entering extended mode
 restricted \write18 enabled.
 %&-line parsing enabled.
**Displacement_Lab_Simulator.tex
(./Displacement_Lab_Simulator.tex
pLaTeX2e <2018-07-28> (based on LaTeX2e <2018-04-01> patch level 5)
(c:/w32tex/share/texmf-dist/tex/platex/jsclasses/jsarticle.cls
Document Class: jsarticle 2018/06/23 jsclasses (okumura, texjporg)
\jsc@mpt=\dimen118
\jsc@mmm=\dimen119
\jsc@smallskipamount=\skip41
LaTeX Info: Redefining \rmfamily on input line 466.
LaTeX Info: Redefining \sffamily on input line 469.
LaTeX Info: Redefining \ttfamily on input line 472.
LaTeX Info: Redefining \textmc on input line 476.
LaTeX Info: Redefining \textgt on input line 478.
\symmincho=\mathgroup4
LaTeX Font Info:    Overwriting symbol font `mincho' in version `bold'
(Font)                  JY1/mc/m/n --> JY1/gt/m/n on input line 540.
LaTeX Font Info:    Font shape `JT1/mc/m/n' will be
(Font)              scaled to size 9.60999pt on input line 731.
LaTeX Font Info:    Font shape `JY1/mc/m/n' will be
(Font)              scaled to size 9.60999pt on input line 731.
\fullwidth=\dimen120
LaTeX Font Info:    Font shape `JT1/mc/m/n' will be
(Font)              scaled to size 7.68799pt on input line 884.
LaTeX Font Info:    Font shape `JY1/mc/m/n' will be
(Font)              scaled to size 7.68799pt on input line 884.
\c@part=\count83
\c@section=\count84
\c@subsection=\count85
\c@subsubsection=\count86
\c@paragraph=\count87
\c@subparagraph=\count88
\@abstractbox=\box42
\c@figure=\count89
\c@table=\count90
\abovecaptionskip=\skip42
\belowcaptionskip=\skip43
\jsc@tocl@width=\dimen121
\@lnumwidth=\dimen122
\bibindent=\dimen123
(c:/w32tex/share/texmf-dist/tex/platex/jsclasses/jslogo.sty
Package: jslogo 2017/02/24 okumura, texjporg
LaTeX Info: Redefining \TeX on input line 94.
LaTeX Info: Redefining \LaTeX on input line 147.
LaTeX Info: Redefining \LaTeXe on input line 200.
)
\heisei=\count91
)
(c:/w32tex/share/texmf-dist/tex/latex/ascmac/ascmac.sty
Package: ascmac 2018/03/09 v2.0h ascmac wrapper (community edition) 

(c:/w32tex/share/texmf-dist/tex/latex/ascmac/tascmac.sty
Package: tascmac 2018/03/09 v2.0h ascmac package (community edition) 
\@savetbaselineshift=\dimen124
\@saveybaselineshift=\dimen125
\scb@x=\box43
\scscb@x=\box44
\@bw=\dimen126
\@nbox=\box45
\@nbody=\box46
\@scw=\dimen127
\ascmac@hoboxa=\box47
\ascmac@hoboxb=\box48
\@itemh=\dimen128
\@iboxpos=\toks15
\@iboxstr=\box49
\@bwsp=\box50
\@@bwsp=\box51
\@bcal=\count92
\shaderule=\dimen129
))
(c:/w32tex/share/texmf-dist/tex/latex/graphics/color.sty
Package: color 2016/07/10 v1.1e Standard LaTeX Color (DPC)

(c:/w32tex/share/texmf-dist/tex/latex/graphics-cfg/color.cfg
File: color.cfg 2016/01/02 v1.6 sample color configuration
)
Package color Info: Driver file: dvips.def on input line 147.

(c:/w32tex/share/texmf-dist/tex/latex/graphics-def/dvips.def
File: dvips.def 2017/06/20 v3.1d Graphics/color driver for dvips
)
(c:/w32tex/share/texmf-dist/tex/latex/graphics/dvipsnam.def
File: dvipsnam.def 2016/06/17 v3.0m Driver-dependent file (DPC,SPQR)
))
(c:/w32tex/share/texmf-dist/tex/latex/url/url.sty
\Urlmuskip=\muskip10
Package: url 2013/09/16  ver 3.4  Verb mode for urls, etc.
)
(c:/w32tex/share/texmf-dist/tex/latex/moreverb/moreverb.sty
Package: moreverb 2008/06/03 v2.3a `more' verbatim facilities

(c:/w32tex/share/texmf-dist/tex/latex/tools/verbatim.sty
Package: verbatim 2014/10/28 v1.5q LaTeX2e package for verbatim enhancements
\every@verbatim=\toks16
\verbatim@line=\toks17
\verbatim@in@stream=\read1
)
\tab@position=\count93
\tab@size=\count94
\listing@line=\count95
)
(c:/w32tex/share/texmf-dist/tex/latex/here/here.sty)
(c:/w32tex/share/texmf-dist/tex/latex/float/float.sty
Package: float 2001/11/08 v1.3d Float enhancements (AL)
\c@float@type=\count96
\float@exts=\toks18
\float@box=\box52
\@float@everytoks=\toks19
\@floatcapt=\box53
)
(c:/w32tex/share/texmf-dist/tex/latex/graphics/graphicx.sty
Package: graphicx 2017/06/01 v1.1a Enhanced LaTeX Graphics (DPC,SPQR)

(c:/w32tex/share/texmf-dist/tex/latex/graphics/keyval.sty
Package: keyval 2014/10/28 v1.15 key=value parser (DPC)
\KV@toks@=\toks20
)
(c:/w32tex/share/texmf-dist/tex/latex/graphics/graphics.sty
Package: graphics 2017/06/25 v1.2c Standard LaTeX Graphics (DPC,SPQR)

(c:/w32tex/share/texmf-dist/tex/latex/graphics/trig.sty
Package: trig 2016/01/03 v1.10 sin cos tan (DPC)
)
(c:/w32tex/share/texmf-dist/tex/latex/graphics-cfg/graphics.cfg
File: graphics.cfg 2016/06/04 v1.11 sample graphics configuration
)
Package graphics Info: Driver file: dvipdfmx.def on input line 99.

(c:/w32tex/share/texmf-dist/tex/latex/graphics-def/dvipdfmx.def
File: dvipdfmx.def 2017/06/24 v5.0g Graphics/color driver for dvipdfmx
))
\Gin@req@height=\dimen130
\Gin@req@width=\dimen131
)
(c:/w32tex/share/texmf-dist/tex/latex/geometry/geometry.sty
Package: geometry 2018/04/16 v5.8 Page Geometry

(c:/w32tex/share/texmf-dist/tex/generic/oberdiek/ifpdf.sty
Package: ifpdf 2017/03/15 v3.2 Provides the ifpdf switch
)
(c:/w32tex/share/texmf-dist/tex/generic/oberdiek/ifvtex.sty
Package: ifvtex 2016/05/16 v1.6 Detect VTeX and its facilities (HO)
Package ifvtex Info: VTeX not detected.
)
(c:/w32tex/share/texmf-dist/tex/generic/ifxetex/ifxetex.sty
Package: ifxetex 2010/09/12 v0.6 Provides ifxetex conditional
)
\Gm@cnth=\count97
\Gm@cntv=\count98
\c@Gm@tempcnt=\count99
\Gm@bindingoffset=\dimen132
\Gm@wd@mp=\dimen133
\Gm@odd@mp=\dimen134
\Gm@even@mp=\dimen135
\Gm@layoutwidth=\dimen136
\Gm@layoutheight=\dimen137
\Gm@layouthoffset=\dimen138
\Gm@layoutvoffset=\dimen139
\Gm@dimlist=\toks21

(c:/w32tex/share/texmf-dist/tex/latex/geometry/geometry.cfg))
(./Displacement_Lab_Simulator.aux)
\openout1 = `Displacement_Lab_Simulator.aux'.

LaTeX Font Info:    Checking defaults for OML/cmm/m/it on input line 13.
LaTeX Font Info:    ... okay on input line 13.
LaTeX Font Info:    Checking defaults for T1/cmr/m/n on input line 13.
LaTeX Font Info:    ... okay on input line 13.
LaTeX Font Info:    Checking defaults for OT1/cmr/m/n on input line 13.
LaTeX Font Info:    ... okay on input line 13.
LaTeX Font Info:    Checking defaults for OMS/cmsy/m/n on input line 13.
LaTeX Font Info:    ... okay on input line 13.
LaTeX Font Info:    Checking defaults for OMX/cmex/m/n on input line 13.
LaTeX Font Info:    ... okay on input line 13.
LaTeX Font Info:    Checking defaults for U/cmr/m/n on input line 13.
LaTeX Font Info:    ... okay on input line 13.
LaTeX Font Info:    Checking defaults for JY1/mc/m/n on input line 13.
LaTeX Font Info:    ... okay on input line 13.
LaTeX Font Info:    Checking defaults for JT1/mc/m/n on input line 13.
LaTeX Font Info:    ... okay on input line 13.

*geometry* driver: auto-detecting
*geometry* detected driver: dvips
*geometry* verbose mode - [ preamble ] result:
* driver: dvips
* paper: <default>
* layout: <same size as paper>
* layoutoffset:(h,v)=(0.0pt,0.0pt)
* modes: 
* h-part:(L,W,R)=(56.9055pt, 483.69687pt, 56.9055pt)
* v-part:(T,H,B)=(56.9055pt, 731.23584pt, 56.9055pt)
* \paperwidth=597.50787pt
* \paperheight=845.04684pt
* \textwidth=483.69687pt
* \textheight=731.23584pt
* \oddsidemargin=-15.36449pt
* \evensidemargin=-15.36449pt
* \topmargin=-51.06168pt
* \headheight=20.0pt
* \headsep=15.69719pt
* \topskip=12.76073pt
* \footskip=28.45792pt
* \marginparwidth=18.49374pt
* \marginparsep=18.49374pt
* \columnsep=18.49374pt
* \skip\footins=16.0pt plus 5.0pt minus 2.0pt
* \hoffset=0.0pt
* \voffset=0.0pt
* \mag=1000
* \@twocolumnfalse
* \@twosidefalse
* \@mparswitchfalse
* \@reversemarginfalse
* (1in=72.27pt=25.4mm, 1cm=28.453pt)

LaTeX Font Info:    Font shape `JT1/mc/m/n' will be
(Font)              scaled to size 16.60605pt on input line 17.
LaTeX Font Info:    Font shape `JY1/mc/m/n' will be
(Font)              scaled to size 16.60605pt on input line 17.
LaTeX Font Info:    Font shape `JT1/mc/m/n' will be
(Font)              scaled to size 11.53198pt on input line 17.
LaTeX Font Info:    Font shape `JY1/mc/m/n' will be
(Font)              scaled to size 11.53198pt on input line 17.
LaTeX Font Info:    External font `cmex10' loaded for size
(Font)              <12> on input line 17.
LaTeX Font Info:    External font `cmex10' loaded for size
(Font)              <8> on input line 17.
LaTeX Font Info:    External font `cmex10' loaded for size
(Font)              <6> on input line 17.
LaTeX Font Info:    Font shape `JY1/mc/m/n' will be
(Font)              scaled to size 5.76599pt on input line 17.
[1

]
LaTeX Font Info:    Font shape `JT1/gt/m/n' will be
(Font)              scaled to size 9.60999pt on input line 20.
LaTeX Font Info:    Font shape `JY1/gt/m/n' will be
(Font)              scaled to size 9.60999pt on input line 20.
LaTeX Font Info:    Font shape `JT1/mc/m/n' will be
(Font)              scaled to size 13.83836pt on input line 20.
LaTeX Font Info:    Font shape `JY1/mc/m/n' will be
(Font)              scaled to size 13.83836pt on input line 20.
LaTeX Font Info:    Font shape `JT1/gt/m/n' will be
(Font)              scaled to size 13.83836pt on input line 20.
LaTeX Font Info:    Font shape `JY1/gt/m/n' will be
(Font)              scaled to size 13.83836pt on input line 20.
 (./Displacement_Lab_Simulator.toc
LaTeX Font Info:    Font shape `JT1/gt/m/n' will be
(Font)              scaled to size 11.53198pt on input line 1.
LaTeX Font Info:    Font shape `JY1/gt/m/n' will be
(Font)              scaled to size 11.53198pt on input line 1.
LaTeX Font Info:    External font `cmex10' loaded for size
(Font)              <7> on input line 4.
LaTeX Font Info:    External font `cmex10' loaded for size
(Font)              <5> on input line 4.
LaTeX Font Info:    Font shape `JY1/mc/m/n' will be
(Font)              scaled to size 6.72699pt on input line 4.
LaTeX Font Info:    Font shape `JY1/mc/m/n' will be
(Font)              scaled to size 4.805pt on input line 4.
)
\tf@toc=\write3
\openout3 = `Displacement_Lab_Simulator.toc'.

 [2]
LaTeX Font Info:    Font shape `JT1/gt/m/n' will be
(Font)              scaled to size 19.9311pt on input line 24.
LaTeX Font Info:    Font shape `JY1/gt/m/n' will be
(Font)              scaled to size 19.9311pt on input line 24.
 [3]
File: Beam_Setting.png Graphic file (type bmp)
<Beam_Setting.png>
LaTeX Font Info:    Font shape `JT1/mc/m/n' will be
(Font)              scaled to size 8.64899pt on input line 33.
LaTeX Font Info:    Font shape `JY1/mc/m/n' will be
(Font)              scaled to size 8.64899pt on input line 33.
LaTeX Font Info:    Try loading font information for OMS+cmr on input line 39.

(c:/w32tex/share/texmf-dist/tex/latex/base/omscmr.fd
File: omscmr.fd 2014/09/29 v2.5h Standard LaTeX font definitions
)
LaTeX Font Info:    Font shape `OMS/cmr/m/n' in size <10> not available
(Font)              Font shape `OMS/cmsy/m/n' tried instead on input line 39.
LaTeX Font Info:    Font shape `JT1/mc/m/n' will be
(Font)              scaled to size 6.72699pt on input line 39.
 [4]
File: Rotatable_Support_Setting.png Graphic file (type bmp)
<Rotatable_Support_Setting.png>
 [5]
File: Fixed_Support_Setting.png Graphic file (type bmp)
<Fixed_Support_Setting.png>
 [6]
File: One-Point_Load_Setting.png Graphic file (type bmp)
<One-Point_Load_Setting.png>
 [7]
File: Distributed_Load_Setting.png Graphic file (type bmp)
<Distributed_Load_Setting.png>
 [8]
[9]
Overfull \hbox (6.45049pt too wide) in paragraph at lines 148--149
\JY1/mc/m/n/10 ことができる\OT1/cmr/m/n/10 . \JY1/mc/m/n/10 逆に[]$[]$[]\OT1/cm
r/m/n/10 . 
 []

LaTeX Font Info:    Font shape `JY1/gt/m/n' will be
(Font)              scaled to size 6.72699pt on input line 154.
LaTeX Font Info:    Font shape `JY1/gt/m/n' will be
(Font)              scaled to size 4.805pt on input line 154.
[10]
File: Shape_Functions.png Graphic file (type bmp)
<Shape_Functions.png>
 [11] [12] [13]
File: simple_one_model.PNG Graphic file (type bmp)
<simple_one_model.PNG>
File: Simple_Supported_Beam.png Graphic file (type bmp)
<Simple_Supported_Beam.png>
 [14]
File: simple_one_model_FEM_sf.PNG Graphic file (type bmp)
<simple_one_model_FEM_sf.PNG>
File: simple_one_model_FDM_sf.PNG Graphic file (type bmp)
<simple_one_model_FDM_sf.PNG>
File: simple_one_model_FEM_bm.PNG Graphic file (type bmp)
<simple_one_model_FEM_bm.PNG>
File: simple_one_model_FDM_bm.PNG Graphic file (type bmp)
<simple_one_model_FDM_bm.PNG>
File: simple_one_model_FEM_slo.PNG Graphic file (type bmp)
<simple_one_model_FEM_slo.PNG>
File: simple_one_model_FDM_slo.PNG Graphic file (type bmp)
<simple_one_model_FDM_slo.PNG>
File: simple_one_model_FEM_def.PNG Graphic file (type bmp)
<simple_one_model_FEM_def.PNG>
File: simple_one_model_FDM_def.PNG Graphic file (type bmp)
<simple_one_model_FDM_def.PNG>
 [15]
File: simple_distributed_model.PNG Graphic file (type bmp)
<simple_distributed_model.PNG>
File: Simple_Supported_Distributed_Beam.png Graphic file (type bmp)
<Simple_Supported_Distributed_Beam.png>
File: simple_distributed_model_FEM_sf.PNG Graphic file (type bmp)
<simple_distributed_model_FEM_sf.PNG>
File: simple_distributed_model_FDM_sf.PNG Graphic file (type bmp)
<simple_distributed_model_FDM_sf.PNG>
File: simple_distributed_model_FEM_bm.PNG Graphic file (type bmp)
<simple_distributed_model_FEM_bm.PNG>
File: simple_distributed_model_FDM_bm.PNG Graphic file (type bmp)
<simple_distributed_model_FDM_bm.PNG>
File: simple_distributed_model_FEM_slo.PNG Graphic file (type bmp)
<simple_distributed_model_FEM_slo.PNG>
File: simple_distributed_model_FDM_slo.PNG Graphic file (type bmp)
<simple_distributed_model_FDM_slo.PNG>
File: simple_distributed_model_FEM_def.PNG Graphic file (type bmp)
<simple_distributed_model_FEM_def.PNG>
File: simple_distributed_model_FDM_def.PNG Graphic file (type bmp)
<simple_distributed_model_FDM_def.PNG>
 [16] [17]
File: cantilever_one_model.PNG Graphic file (type bmp)
<cantilever_one_model.PNG>
File: Cantilever_One_Beam.png Graphic file (type bmp)
<Cantilever_One_Beam.png>
 [18]
File: cantilever_one_model_FEM_sf.PNG Graphic file (type bmp)
<cantilever_one_model_FEM_sf.PNG>
File: cantilever_one_model_FDM_sf.PNG Graphic file (type bmp)
<cantilever_one_model_FDM_sf.PNG>
File: cantilever_one_model_FEM_bm.PNG Graphic file (type bmp)
<cantilever_one_model_FEM_bm.PNG>
File: cantilever_one_model_FDM_bm.PNG Graphic file (type bmp)
<cantilever_one_model_FDM_bm.PNG>
File: cantilever_one_model_FEM_slo.PNG Graphic file (type bmp)
<cantilever_one_model_FEM_slo.PNG>
File: cantilever_one_model_FDM_slo.PNG Graphic file (type bmp)
<cantilever_one_model_FDM_slo.PNG>
File: cantilever_one_model_FEM_def.PNG Graphic file (type bmp)
<cantilever_one_model_FEM_def.PNG>
File: cantilever_one_model_FDM_def.PNG Graphic file (type bmp)
<cantilever_one_model_FDM_def.PNG>
 [19]
File: cantilever_distributed_model.PNG Graphic file (type bmp)
<cantilever_distributed_model.PNG>
File: Cantilever_Distributed_Beam.png Graphic file (type bmp)
<Cantilever_Distributed_Beam.png>
File: cantilever_distributed_model_FEM_sf.PNG Graphic file (type bmp)
<cantilever_distributed_model_FEM_sf.PNG>
File: cantilever_distributed_model_FDM_sf.PNG Graphic file (type bmp)
<cantilever_distributed_model_FDM_sf.PNG>
File: cantilever_distributed_model_FEM_bm.PNG Graphic file (type bmp)
<cantilever_distributed_model_FEM_bm.PNG>
File: cantilever_distributed_model_FDM_bm.PNG Graphic file (type bmp)
<cantilever_distributed_model_FDM_bm.PNG>
File: cantilever_distributed_model_FEM_slo.PNG Graphic file (type bmp)
<cantilever_distributed_model_FEM_slo.PNG>
File: cantilever_distributed_model_FDM_slo.PNG Graphic file (type bmp)
<cantilever_distributed_model_FDM_slo.PNG>
File: cantilever_distributed_model_FEM_def.PNG Graphic file (type bmp)
<cantilever_distributed_model_FEM_def.PNG>
File: cantilever_distributed_model_FDM_def.PNG Graphic file (type bmp)
<cantilever_distributed_model_FDM_def.PNG>
 [20] [21] [22]
File: fixed_one_model.PNG Graphic file (type bmp)
<fixed_one_model.PNG>
File: fixed_one_model_FEM_sf.PNG Graphic file (type bmp)
<fixed_one_model_FEM_sf.PNG>
File: fixed_one_model_FDM_sf.PNG Graphic file (type bmp)
<fixed_one_model_FDM_sf.PNG>
File: fixed_one_model_FEM_bm.PNG Graphic file (type bmp)
<fixed_one_model_FEM_bm.PNG>
File: fixed_one_model_FDM_bm.PNG Graphic file (type bmp)
<fixed_one_model_FDM_bm.PNG>
File: fixed_one_model_FEM_slo.PNG Graphic file (type bmp)
<fixed_one_model_FEM_slo.PNG>
File: fixed_one_model_FDM_slo.PNG Graphic file (type bmp)
<fixed_one_model_FDM_slo.PNG>
File: fixed_one_model_FEM_def.PNG Graphic file (type bmp)
<fixed_one_model_FEM_def.PNG>
File: fixed_one_model_FDM_def.PNG Graphic file (type bmp)
<fixed_one_model_FDM_def.PNG>
 [23]
File: fixed_distributed_model.PNG Graphic file (type bmp)
<fixed_distributed_model.PNG>
File: fixed_distributed_model_FEM_sf.PNG Graphic file (type bmp)
<fixed_distributed_model_FEM_sf.PNG>
File: fixed_distributed_model_FDM_sf.PNG Graphic file (type bmp)
<fixed_distributed_model_FDM_sf.PNG>
File: fixed_distributed_model_FEM_bm.PNG Graphic file (type bmp)
<fixed_distributed_model_FEM_bm.PNG>
File: fixed_distributed_model_FDM_bm.PNG Graphic file (type bmp)
<fixed_distributed_model_FDM_bm.PNG>
File: fixed_distributed_model_FEM_slo.PNG Graphic file (type bmp)
<fixed_distributed_model_FEM_slo.PNG>
File: fixed_distributed_model_FDM_slo.PNG Graphic file (type bmp)
<fixed_distributed_model_FDM_slo.PNG>
File: fixed_distributed_model_FEM_def.PNG Graphic file (type bmp)
<fixed_distributed_model_FEM_def.PNG>
File: fixed_distributed_model_FDM_def.PNG Graphic file (type bmp)
<fixed_distributed_model_FDM_def.PNG>
 [24]
File: three_model.PNG Graphic file (type bmp)
<three_model.PNG>
File: three_model_result.PNG Graphic file (type bmp)
<three_model_result.PNG>

[25] [26] (./Displacement_Lab_Simulator.aux) ) 
Here is how much of TeX's memory you used:
 2080 strings out of 493249
 34495 string characters out of 6146370
 105587 words of memory out of 5000000
 5879 multiletter control sequences out of 15000+600000
 18848 words of font info for 84 fonts, out of 8000000 for 9000
 934 hyphenation exceptions out of 8191
 25i,13n,32p,459b,480s stack positions out of 5000i,500n,10000p,500000b,80000s

Output written on Displacement_Lab_Simulator.dvi (26 pages, 53792 bytes).
